This is XeTeX, Version 3.141592653-2.6-0.999998 (TeX Live 2026/TeX Live for SUSE Linux) (preloaded format=xelatex 2026.4.26)  28 APR 2026 19:03
entering extended mode
 restricted \write18 enabled.
 %&-line parsing enabled.
**report.tex
(./report.tex
LaTeX2e <2025-11-01>
L3 programming layer <2026-01-19>
(/usr/share/texmf/tex/latex/base/article.cls
Document Class: article 2025/01/22 v1.4n Standard LaTeX document class
(/usr/share/texmf/tex/latex/base/size12.clo
File: size12.clo 2025/01/22 v1.4n Standard LaTeX file (size option)
)
\c@part=\count271
\c@section=\count272
\c@subsection=\count273
\c@subsubsection=\count274
\c@paragraph=\count275
\c@subparagraph=\count276
\c@figure=\count277
\c@table=\count278
\abovecaptionskip=\skip49
\belowcaptionskip=\skip50
\bibindent=\dimen148
)
(/usr/share/texmf/tex/latex/fontspec/fontspec.sty
(/usr/share/texmf/tex/latex/l3packages/xparse/xparse.sty
(/usr/share/texmf/tex/latex/l3kernel/expl3.sty
Package: expl3 2026-01-19 L3 programming layer (loader) 

(/usr/share/texmf/tex/latex/l3backend/l3backend-xetex.def
File: l3backend-xetex.def 2025-10-09 L3 backend support: XeTeX
\g__graphics_track_int=\count279
\g__pdfannot_backend_int=\count280
\g__pdfannot_backend_link_int=\count281
))
Package: xparse 2025-10-09 L3 Experimental document command parser
)
Package: fontspec 2025/09/29 v2.9g Font selection for XeLaTeX and LuaLaTeX

(/usr/share/texmf/tex/latex/fontspec/fontspec-xetex.sty
Package: fontspec-xetex 2025/09/29 v2.9g Font selection for XeLaTeX and LuaLaTe
X
\l__fontspec_script_int=\count282
\l__fontspec_language_int=\count283
\l__fontspec_strnum_int=\count284
\l__fontspec_tmp_int=\count285
\l__fontspec_tmpa_int=\count286
\l__fontspec_tmpb_int=\count287
\l__fontspec_tmpc_int=\count288
\l__fontspec_em_int=\count289
\l__fontspec_emdef_int=\count290
\l__fontspec_strong_int=\count291
\l__fontspec_strongdef_int=\count292
\l__fontspec_tmpa_dim=\dimen149
\l__fontspec_tmpb_dim=\dimen150
\l__fontspec_tmpc_dim=\dimen151

(/usr/share/texmf/tex/latex/base/fontenc.sty
Package: fontenc 2025/07/18 v2.1d Standard LaTeX package
)
(/usr/share/texmf/tex/latex/fontspec/fontspec.cfg)))

Package fontspec Info: 
(fontspec)             Font family 'LiberationSerif(0)' created for font
(fontspec)             'Liberation Serif' with options [Ligatures=TeX].
(fontspec)              
(fontspec)              This font family consists of the following NFSS
(fontspec)             series/shapes:
(fontspec)              
(fontspec)             - 'normal' (m/n) with NFSS spec.: <->"Liberation
(fontspec)             Serif/OT:script=latn;language=dflt;mapping=tex-text;"
(fontspec)             - 'bold' (b/n) with NFSS spec.: <->"Liberation
(fontspec)             Serif/B/OT:script=latn;language=dflt;mapping=tex-text;"
(fontspec)             - 'italic' (m/it) with NFSS spec.: <->"Liberation
(fontspec)             Serif/I/OT:script=latn;language=dflt;mapping=tex-text;"
(fontspec)             - 'bold italic' (b/it) with NFSS spec.: <->"Liberation
(fontspec)             Serif/BI/OT:script=latn;language=dflt;mapping=tex-text;"



Package fontspec Info: 
(fontspec)             Liberation Mono scale = 0.9.


Package fontspec Info: 
(fontspec)             Liberation Mono scale = 0.9.


Package fontspec Info: 
(fontspec)             Liberation Mono/B scale = 0.9.


Package fontspec Info: 
(fontspec)             Liberation Mono/I scale = 0.9.


Package fontspec Info: 
(fontspec)             Liberation Mono/BI scale = 0.9.


Package fontspec Info: 
(fontspec)             Font family 'LiberationMono(0)' created for font
(fontspec)             'Liberation Mono' with options
(fontspec)             [WordSpace={1,0,0},HyphenChar=None,PunctuationSpace=Word
Space,Scale=0.9].
(fontspec)              
(fontspec)              This font family consists of the following NFSS
(fontspec)             series/shapes:
(fontspec)              
(fontspec)             - 'normal' (m/n) with NFSS spec.: <->s*[0.9]"Liberation
(fontspec)             Mono/OT:script=latn;language=dflt;"
(fontspec)             - 'bold' (b/n) with NFSS spec.: <->s*[0.9]"Liberation
(fontspec)             Mono/B/OT:script=latn;language=dflt;"
(fontspec)             - 'italic' (m/it) with NFSS spec.:
(fontspec)             <->s*[0.9]"Liberation
(fontspec)             Mono/I/OT:script=latn;language=dflt;"
(fontspec)             - 'bold italic' (b/it) with NFSS spec.:
(fontspec)             <->s*[0.9]"Liberation
(fontspec)             Mono/BI/OT:script=latn;language=dflt;"


(/usr/share/texmf/tex/latex/polyglossia/polyglossia.sty
Package: polyglossia 2025/12/01 v2.9 Modern multilingual typesetting with XeLaT
eX and LuaLaTeX

(/usr/share/texmf/tex/latex/etoolbox/etoolbox.sty
Package: etoolbox 2025/10/02 v2.5m e-TeX tools for LaTeX (JAW)
\etb@tempcnta=\count293
)
(/usr/share/texmf/tex/generic/iftex/iftex.sty
Package: iftex 2024/12/12 v1.0g TeX engine tests
)
\l_xpg_alias_keyvals_int=\count294

(/usr/share/texmf/tex/latex/polyglossia/gloss-latex.ldf
File: gloss-latex.ldf polyglossia: module for default language
))
(/usr/share/texmf/tex/latex/polyglossia/gloss-russian.ldf
File: gloss-russian.ldf polyglossia: module for Russian

(/usr/share/texmf/tex/latex/polyglossia/xpg-cyrillicnumbers.sty
Package: xpg-cyrillicnumbers 2019/11/15 v0.2 Formatting of Cyrillic alphabetic 
numbers
)

Package polyglossia Warning: No hyphenation patterns were loaded for `russian'
(polyglossia)                I will use \language=\l@nohyphenation instead.

\l@russian = a dialect from \language\l@nohyphenation 
(/usr/share/texmf/tex/latex/polyglossia/babelsh.def
File: babelsh.def 2022/06/21 Babel common definitions for shorthands
 Taken verbatim from babel files (2022/06/06 v3.76)
)
Package babel Info: Making " an active character on input line 120.
)

Package polyglossia Info: Default language is russian


(/usr/share/texmf/tex/latex/geometry/geometry.sty
Package: geometry 2020/01/02 v5.9 Page Geometry

(/usr/share/texmf/tex/latex/graphics/keyval.sty
Package: keyval 2022/05/29 v1.15 key=value parser (DPC)
\KV@toks@=\toks17
)
(/usr/share/texmf/tex/generic/iftex/ifvtex.sty
Package: ifvtex 2019/10/25 v1.7 ifvtex legacy package. Use iftex instead.
)
\Gm@cnth=\count295
\Gm@cntv=\count296
\c@Gm@tempcnt=\count297
\Gm@bindingoffset=\dimen152
\Gm@wd@mp=\dimen153
\Gm@odd@mp=\dimen154
\Gm@even@mp=\dimen155
\Gm@layoutwidth=\dimen156
\Gm@layoutheight=\dimen157
\Gm@layouthoffset=\dimen158
\Gm@layoutvoffset=\dimen159
\Gm@dimlist=\toks18
)
(/usr/share/texmf/tex/latex/multirow/multirow.sty
Package: multirow 2024/11/12 v2.9 Span multiple rows of a table
\multirow@colwidth=\skip51
\multirow@cntb=\count298
\multirow@dima=\skip52
\bigstrutjot=\dimen160
)
(/usr/share/texmf/tex/latex/tools/longtable.sty
Package: longtable 2025-10-13 v4.24 Multi-page Table package (DPC)
\LTleft=\skip53
\LTright=\skip54
\LTpre=\skip55
\LTpost=\skip56
\LTchunksize=\count299
\LTcapwidth=\dimen161
\LT@head=\box53
\LT@firsthead=\box54
\LT@foot=\box55
\LT@lastfoot=\box56
\LT@gbox=\box57
\LT@cols=\count300
\LT@rows=\count301
\c@LT@tables=\count302
\c@LT@chunks=\count303
\LT@p@ftn=\toks19
)
(/usr/share/texmf/tex/latex/booktabs/booktabs.sty
Package: booktabs 2020/01/12 v1.61803398 Publication quality tables
\heavyrulewidth=\dimen162
\lightrulewidth=\dimen163
\cmidrulewidth=\dimen164
\belowrulesep=\dimen165
\belowbottomsep=\dimen166
\aboverulesep=\dimen167
\abovetopsep=\dimen168
\cmidrulesep=\dimen169
\cmidrulekern=\dimen170
\defaultaddspace=\dimen171
\@cmidla=\count304
\@cmidlb=\count305
\@aboverulesep=\dimen172
\@belowrulesep=\dimen173
\@thisruleclass=\count306
\@lastruleclass=\count307
\@thisrulewidth=\dimen174
)
(/usr/share/texmf/tex/latex/listings/listings.sty
\lst@mode=\count308
\lst@gtempboxa=\box58
\lst@token=\toks20
\lst@length=\count309
\lst@currlwidth=\dimen175
\lst@column=\count310
\lst@pos=\count311
\lst@lostspace=\dimen176
\lst@width=\dimen177
\lst@newlines=\count312
\lst@lineno=\count313
\lst@maxwidth=\dimen178

(/usr/share/texmf/tex/latex/listings/lstpatch.sty
File: lstpatch.sty 2025/11/14 1.11b (Carsten Heinz)
)
(/usr/share/texmf/tex/latex/listings/lstmisc.sty
File: lstmisc.sty 2025/11/14 1.11b (Carsten Heinz)
\c@lstnumber=\count314
\lst@skipnumbers=\count315
\lst@framebox=\box59
)
(/usr/share/texmf/tex/latex/listings/listings.cfg
File: listings.cfg 2025/11/14 1.11b listings configuration
))
Package: listings 2025/11/14 1.11b (Carsten Heinz)

==> First Aid for listings.sty no longer applied!
    Expected:
        2024/09/23 1.10c (Carsten Heinz)
    but found:
        2025/11/14 1.11b (Carsten Heinz)
    so I'm assuming it got fixed.
(/usr/share/texmf/tex/latex/pdflscape/pdflscape.sty
Package: pdflscape 2025-06-23 v0.14 Display of landscape pages in PDF

(/usr/share/texmf/tex/latex/pdflscape/pdflscape-nometadata.sty
Package: pdflscape-nometadata 2025-06-23 v0.14 Display of landscape pages in PD
F (HO)

(/usr/share/texmf/tex/latex/graphics/lscape.sty
Package: lscape 2020/05/28 v3.02 Landscape Pages (DPC)

(/usr/share/texmf/tex/latex/graphics/graphics.sty
Package: graphics 2024/08/06 v1.4g Standard LaTeX Graphics (DPC,SPQR)

(/usr/share/texmf/tex/latex/graphics/trig.sty
Package: trig 2023/12/02 v1.11 sin cos tan (DPC)
)
(/usr/share/texmf/tex/latex/graphics-cfg/graphics.cfg
File: graphics.cfg 2016/06/04 v1.11 sample graphics configuration
)
Package graphics Info: Driver file: xetex.def on input line 106.

(/usr/share/texmf/tex/latex/graphics-def/xetex.def
File: xetex.def 2025/11/01 v5.0p Graphics/color driver for xetex
)))
Package pdflscape Info: Auto-detected driver: dvipdfm (xetex) on input line 98.

))
(/usr/share/texmf/tex/latex/xcolor/xcolor.sty
Package: xcolor 2024/09/29 v3.02 LaTeX color extensions (UK)

(/usr/share/texmf/tex/latex/graphics-cfg/color.cfg
File: color.cfg 2016/01/02 v1.6 sample color configuration
)
Package xcolor Info: Driver file: xetex.def on input line 274.

(/usr/share/texmf/tex/latex/graphics/mathcolor.ltx)
Package xcolor Info: Model `cmy' substituted by `cmy0' on input line 1349.
Package xcolor Info: Model `RGB' extended on input line 1365.
Package xcolor Info: Model `HTML' substituted by `rgb' on input line 1367.
Package xcolor Info: Model `Hsb' substituted by `hsb' on input line 1368.
Package xcolor Info: Model `tHsb' substituted by `hsb' on input line 1369.
Package xcolor Info: Model `HSB' substituted by `hsb' on input line 1370.
Package xcolor Info: Model `Gray' substituted by `gray' on input line 1371.
Package xcolor Info: Model `wave' substituted by `hsb' on input line 1372.
)
(/usr/share/texmf/tex/latex/titlesec/titlesec.sty
Package: titlesec 2025/01/04 v2.17 Sectioning titles
\ttl@box=\box60
\beforetitleunit=\skip57
\aftertitleunit=\skip58
\ttl@plus=\dimen179
\ttl@minus=\dimen180
\ttl@toksa=\toks21
\titlewidth=\dimen181
\titlewidthlast=\dimen182
\titlewidthfirst=\dimen183
)
(/usr/share/texmf/tex/latex/setspace/setspace.sty
Package: setspace 2022/12/04 v6.7b set line spacing
)

Package fontspec Info: 
(fontspec)             Font family 'LiberationSerif(1)' created for font
(fontspec)             'Liberation Serif' with options
(fontspec)             [Ligatures=TeX,Script=Cyrillic].
(fontspec)              
(fontspec)              This font family consists of the following NFSS
(fontspec)             series/shapes:
(fontspec)              
(fontspec)             - 'normal' (m/n) with NFSS spec.: <->"Liberation
(fontspec)             Serif/OT:script=cyrl;language=dflt;mapping=tex-text;"
(fontspec)             - 'bold' (b/n) with NFSS spec.: <->"Liberation
(fontspec)             Serif/B/OT:script=cyrl;language=dflt;mapping=tex-text;"
(fontspec)             - 'italic' (m/it) with NFSS spec.: <->"Liberation
(fontspec)             Serif/I/OT:script=cyrl;language=dflt;mapping=tex-text;"
(fontspec)             - 'bold italic' (b/it) with NFSS spec.: <->"Liberation
(fontspec)             Serif/BI/OT:script=cyrl;language=dflt;mapping=tex-text;"


 (./report.aux)
\openout1 = `report.aux'.

LaTeX Font Info:    Checking defaults for OML/cmm/m/it on input line 30.
LaTeX Font Info:    ... okay on input line 30.
LaTeX Font Info:    Checking defaults for OMS/cmsy/m/n on input line 30.
LaTeX Font Info:    ... okay on input line 30.
LaTeX Font Info:    Checking defaults for OT1/cmr/m/n on input line 30.
LaTeX Font Info:    ... okay on input line 30.
LaTeX Font Info:    Checking defaults for T1/cmr/m/n on input line 30.
LaTeX Font Info:    ... okay on input line 30.
LaTeX Font Info:    Checking defaults for TS1/cmr/m/n on input line 30.
LaTeX Font Info:    ... okay on input line 30.
LaTeX Font Info:    Checking defaults for TU/lmr/m/n on input line 30.
LaTeX Font Info:    ... okay on input line 30.
LaTeX Font Info:    Checking defaults for OMX/cmex/m/n on input line 30.
LaTeX Font Info:    ... okay on input line 30.
LaTeX Font Info:    Checking defaults for U/cmr/m/n on input line 30.
LaTeX Font Info:    ... okay on input line 30.

Package fontspec Info: 
(fontspec)             Adjusting the maths setup (use [no-math] to avoid
(fontspec)             this).

\symlegacymaths=\mathgroup4
LaTeX Font Info:    Overwriting symbol font `legacymaths' in version `bold'
(Font)                  OT1/cmr/m/n --> OT1/cmr/bx/n on input line 30.
LaTeX Font Info:    Redeclaring math accent \acute on input line 30.
LaTeX Font Info:    Redeclaring math accent \grave on input line 30.
LaTeX Font Info:    Redeclaring math accent \ddot on input line 30.
LaTeX Font Info:    Redeclaring math accent \tilde on input line 30.
LaTeX Font Info:    Redeclaring math accent \bar on input line 30.
LaTeX Font Info:    Redeclaring math accent \breve on input line 30.
LaTeX Font Info:    Redeclaring math accent \check on input line 30.
LaTeX Font Info:    Redeclaring math accent \hat on input line 30.
LaTeX Font Info:    Redeclaring math accent \dot on input line 30.
LaTeX Font Info:    Redeclaring math accent \mathring on input line 30.
LaTeX Font Info:    Redeclaring math symbol \colon on input line 30.
LaTeX Font Info:    Redeclaring math symbol \Gamma on input line 30.
LaTeX Font Info:    Redeclaring math symbol \Delta on input line 30.
LaTeX Font Info:    Redeclaring math symbol \Theta on input line 30.
LaTeX Font Info:    Redeclaring math symbol \Lambda on input line 30.
LaTeX Font Info:    Redeclaring math symbol \Xi on input line 30.
LaTeX Font Info:    Redeclaring math symbol \Pi on input line 30.
LaTeX Font Info:    Redeclaring math symbol \Sigma on input line 30.
LaTeX Font Info:    Redeclaring math symbol \Upsilon on input line 30.
LaTeX Font Info:    Redeclaring math symbol \Phi on input line 30.
LaTeX Font Info:    Redeclaring math symbol \Psi on input line 30.
LaTeX Font Info:    Redeclaring math symbol \Omega on input line 30.
LaTeX Font Info:    Redeclaring math symbol \mathdollar on input line 30.
LaTeX Font Info:    Redeclaring symbol font `operators' on input line 30.
LaTeX Font Info:    Encoding `OT1' has changed to `TU' for symbol font
(Font)              `operators' in the math version `normal' on input line 30.
LaTeX Font Info:    Overwriting symbol font `operators' in version `normal'
(Font)                  OT1/cmr/m/n --> TU/LiberationSerif(0)/m/n on input line
 30.
LaTeX Font Info:    Encoding `OT1' has changed to `TU' for symbol font
(Font)              `operators' in the math version `bold' on input line 30.
LaTeX Font Info:    Overwriting symbol font `operators' in version `bold'
(Font)                  OT1/cmr/bx/n --> TU/LiberationSerif(0)/m/n on input lin
e 30.
LaTeX Font Info:    Overwriting symbol font `operators' in version `normal'
(Font)                  TU/LiberationSerif(0)/m/n --> TU/LiberationSerif(0)/m/n
 on input line 30.
LaTeX Font Info:    Overwriting math alphabet `\mathit' in version `normal'
(Font)                  OT1/cmr/m/it --> TU/LiberationSerif(0)/m/it on input li
ne 30.
LaTeX Font Info:    Overwriting math alphabet `\mathbf' in version `normal'
(Font)                  OT1/cmr/bx/n --> TU/LiberationSerif(0)/b/n on input lin
e 30.
LaTeX Font Info:    Overwriting math alphabet `\mathsf' in version `normal'
(Font)                  OT1/cmss/m/n --> TU/lmss/m/n on input line 30.
LaTeX Font Info:    Overwriting math alphabet `\mathtt' in version `normal'
(Font)                  OT1/cmtt/m/n --> TU/LiberationMono(0)/m/n on input line
 30.
LaTeX Font Info:    Overwriting symbol font `operators' in version `bold'
(Font)                  TU/LiberationSerif(0)/m/n --> TU/LiberationSerif(0)/b/n
 on input line 30.
LaTeX Font Info:    Overwriting math alphabet `\mathit' in version `bold'
(Font)                  OT1/cmr/bx/it --> TU/LiberationSerif(0)/b/it on input l
ine 30.
LaTeX Font Info:    Overwriting math alphabet `\mathsf' in version `bold'
(Font)                  OT1/cmss/bx/n --> TU/lmss/b/n on input line 30.
LaTeX Font Info:    Overwriting math alphabet `\mathtt' in version `bold'
(Font)                  OT1/cmtt/m/n --> TU/LiberationMono(0)/b/n on input line
 30.

*geometry* driver: auto-detecting
*geometry* detected driver: xetex
*geometry* verbose mode - [ preamble ] result:
* driver: xetex
* paper: a4paper
* layout: <same size as paper>
* layoutoffset:(h,v)=(0.0pt,0.0pt)
* modes: 
* h-part:(L,W,R)=(56.9055pt, 483.69687pt, 56.9055pt)
* v-part:(T,H,B)=(56.9055pt, 731.23584pt, 56.9055pt)
* \paperwidth=597.50787pt
* \paperheight=845.04684pt
* \textwidth=483.69687pt
* \textheight=731.23584pt
* \oddsidemargin=-15.36449pt
* \evensidemargin=-15.36449pt
* \topmargin=-52.36449pt
* \headheight=12.0pt
* \headsep=25.0pt
* \topskip=12.0pt
* \footskip=30.0pt
* \marginparwidth=35.0pt
* \marginparsep=10.0pt
* \columnsep=10.0pt
* \skip\footins=10.8pt plus 4.0pt minus 2.0pt
* \hoffset=0.0pt
* \voffset=0.0pt
* \mag=1000
* \@twocolumnfalse
* \@twosidefalse
* \@mparswitchfalse
* \@reversemarginfalse
* (1in=72.27pt=25.4mm, 1cm=28.453pt)

\c@lstlisting=\count316
[1

] (./report.toc
LaTeX Font Info:    External font `cmex10' loaded for size
(Font)              <12> on input line 3.
LaTeX Font Info:    External font `cmex10' loaded for size
(Font)              <8> on input line 3.
LaTeX Font Info:    External font `cmex10' loaded for size
(Font)              <6> on input line 3.
)
\tf@toc=\write3
\openout3 = `report.toc'.

 [1] (/usr/share/texmf/tex/latex/listings/lstlang1.sty
File: lstlang1.sty 2025/11/14 1.11b listings language file
)
(/usr/share/texmf/tex/latex/listings/lstlang2.sty
File: lstlang2.sty 2025/11/14 1.11b listings language file
)
(/usr/share/texmf/tex/latex/listings/lstlang3.sty
File: lstlang3.sty 2025/11/14 1.11b listings language file
)
LaTeX Font Info:    Font shape `TU/LiberationMono(0)/m/n' will be
(Font)              scaled to size 10.79993pt on input line 81.

Package fontspec Info: 
(fontspec)             Liberation Mono scale = 0.9.


Package fontspec Info: 
(fontspec)             Liberation Mono scale = 0.9.


Package fontspec Info: 
(fontspec)             Liberation Mono/B scale = 0.9.


Package fontspec Info: 
(fontspec)             Liberation Mono/I scale = 0.9.


Package fontspec Info: 
(fontspec)             Liberation Mono/BI scale = 0.9.


Package fontspec Info: 
(fontspec)             Font family 'LiberationMono(1)' created for font
(fontspec)             'Liberation Mono' with options
(fontspec)             [WordSpace={1,0,0},HyphenChar=None,PunctuationSpace=Word
Space,Scale=0.9,Script=Cyrillic].
(fontspec)              
(fontspec)              This font family consists of the following NFSS
(fontspec)             series/shapes:
(fontspec)              
(fontspec)             - 'normal' (m/n) with NFSS spec.: <->s*[0.9]"Liberation
(fontspec)             Mono/OT:script=cyrl;language=dflt;"
(fontspec)             - 'bold' (b/n) with NFSS spec.: <->s*[0.9]"Liberation
(fontspec)             Mono/B/OT:script=cyrl;language=dflt;"
(fontspec)             - 'italic' (m/it) with NFSS spec.:
(fontspec)             <->s*[0.9]"Liberation
(fontspec)             Mono/I/OT:script=cyrl;language=dflt;"
(fontspec)             - 'bold italic' (b/it) with NFSS spec.:
(fontspec)             <->s*[0.9]"Liberation
(fontspec)             Mono/BI/OT:script=cyrl;language=dflt;"

LaTeX Font Info:    Font shape `TU/LiberationMono(1)/m/n' will be
(Font)              scaled to size 10.79993pt on input line 81.
LaTeX Font Info:    Font shape `TU/LiberationMono(1)/m/n' will be
(Font)              scaled to size 9.85492pt on input line 81.
LaTeX Font Info:    Font shape `TU/LiberationMono(1)/b/n' will be
(Font)              scaled to size 9.85492pt on input line 82.
LaTeX Font Info:    Font shape `TU/LiberationMono(1)/m/n' will be
(Font)              scaled to size 12.81142pt on input line 86.

Package fontspec Info: 
(fontspec)             Liberation Mono scale = 0.9.


Package fontspec Info: 
(fontspec)             Liberation Mono scale = 0.9.


Package fontspec Info: 
(fontspec)             Liberation Mono scale = 0.9.


Package fontspec Info: 
(fontspec)             Liberation Mono scale = 0.9.

 [2]

Package fontspec Info: 
(fontspec)             Liberation Mono scale = 0.9.


Package fontspec Info: 
(fontspec)             Liberation Mono scale = 0.9.


Overfull \hbox (13.75093pt too wide) in paragraph at lines 144--145
[]\TU/LiberationSerif(1)/m/n/12 При сравнении \TU/LiberationMono(1)/m/n/12 exam
ppl.ass \TU/LiberationSerif(1)/m/n/12 и \TU/LiberationMono(1)/m/n/12 ex11.ass \
TU/LiberationSerif(1)/m/n/12 выявлены следующие новые языковые конструкции,
 []


Package fontspec Info: 
(fontspec)             Liberation Mono scale = 0.9.


Package fontspec Info: 
(fontspec)             Liberation Mono scale = 0.9.


Package fontspec Info: 
(fontspec)             Liberation Mono scale = 0.9.


Package fontspec Info: 
(fontspec)             Liberation Mono scale = 0.9.


Package fontspec Info: 
(fontspec)             Liberation Mono scale = 0.9.


Package fontspec Info: 
(fontspec)             Liberation Mono scale = 0.9.


Package fontspec Info: 
(fontspec)             Liberation Mono scale = 0.9.


Package fontspec Info: 
(fontspec)             Liberation Mono scale = 0.9.


Package fontspec Info: 
(fontspec)             Liberation Mono scale = 0.9.


Package fontspec Info: 
(fontspec)             Liberation Mono scale = 0.9.


Package fontspec Info: 
(fontspec)             Liberation Mono scale = 0.9.


Package fontspec Info: 
(fontspec)             Liberation Mono scale = 0.9.


Package fontspec Info: 
(fontspec)             Liberation Mono scale = 0.9.


Package fontspec Info: 
(fontspec)             Liberation Mono scale = 0.9.


Package fontspec Info: 
(fontspec)             Liberation Mono scale = 0.9.


Package fontspec Info: 
(fontspec)             Liberation Mono scale = 0.9.


Package fontspec Info: 
(fontspec)             Liberation Mono scale = 0.9.


Package fontspec Info: 
(fontspec)             Liberation Mono scale = 0.9.


Package fontspec Info: 
(fontspec)             Liberation Mono scale = 0.9.


Overfull \hbox (13.78946pt too wide) in paragraph at lines 158--159
\TU/LiberationSerif(1)/m/n/12 необходимо модифицировать программу-макет компиля
тора с АССЕМБЛЕРА. Выбранный способ
 []

[3]

Package fontspec Info: 
(fontspec)             Liberation Mono scale = 0.9.


Package fontspec Info: 
(fontspec)             Liberation Mono scale = 0.9.


Package fontspec Info: 
(fontspec)             Liberation Mono scale = 0.9.


Overfull \hbox (19.47446pt too wide) in paragraph at lines 163--164
\TU/LiberationSerif(1)/m/n/12 обработки (\TU/LiberationMono(1)/m/n/12 FSS \TU/L
iberationSerif(1)/m/n/12 и \TU/LiberationMono(1)/m/n/12 SSS\TU/LiberationSerif(
1)/m/n/12 ), которые будут парсить операнды с указанием длины \TU/LiberationMon
o(1)/m/n/12 D1(L1,B1),
 []


Package fontspec Info: 
(fontspec)             Liberation Mono scale = 0.9.


Package fontspec Info: 
(fontspec)             Liberation Mono scale = 0.9.


Overfull \hbox (29.67041pt too wide) in paragraph at lines 164--165
[]\TU/LiberationSerif(1)/m/n/12 Расширение блока обработки команд типа RX для п
оддержки мнемоники \TU/LiberationMono(1)/m/n/12 B \TU/LiberationSerif(1)/m/n/12
 (транслируется
 []


Package fontspec Info: 
(fontspec)             Liberation Mono scale = 0.9.


Package fontspec Info: 
(fontspec)             Liberation Mono scale = 0.9.


Package fontspec Info: 
(fontspec)             Liberation Mono scale = 0.9.


Package fontspec Info: 
(fontspec)             Liberation Mono scale = 0.9.


Package fontspec Info: 
(fontspec)             Liberation Mono scale = 0.9.

[4] [5

] [6]
Overfull \hbox (30.98964pt too wide) in paragraph at lines 228--229
[]\TU/LiberationSerif(1)/m/n/12 В основу функционирования макета компилятора с 
Ассемблера положен алгоритм, использующий
 []


Package fontspec Info: 
(fontspec)             Liberation Mono scale = 0.9.


Overfull \hbox (8.3863pt too wide) in paragraph at lines 231--232
[]\TU/LiberationSerif(1)/m/n/12 В таблицу \TU/LiberationMono(1)/m/n/12 TMOP \TU
/LiberationSerif(1)/m/n/12 добавляются новые строки для поддержки команд формат
ов RX и SS. Таблица
 []


Package fontspec Info: 
(fontspec)             Liberation Mono scale = 0.9.


Package fontspec Info: 
(fontspec)             Liberation Mono scale = 0.9.


Package fontspec Info: 
(fontspec)             Liberation Mono scale = 0.9.


Package fontspec Info: 
(fontspec)             Liberation Mono scale = 0.9.


Package fontspec Info: 
(fontspec)             Liberation Mono scale = 0.9.


Package fontspec Info: 
(fontspec)             Liberation Mono scale = 0.9.


Package fontspec Info: 
(fontspec)             Liberation Mono scale = 0.9.


Package fontspec Info: 
(fontspec)             Liberation Mono scale = 0.9.


Package fontspec Info: 
(fontspec)             Liberation Mono scale = 0.9.


Package fontspec Info: 
(fontspec)             Liberation Mono scale = 0.9.


Package fontspec Info: 
(fontspec)             Liberation Mono scale = 0.9.


Package fontspec Info: 
(fontspec)             Liberation Mono scale = 0.9.


Package fontspec Info: 
(fontspec)             Liberation Mono scale = 0.9.


Package fontspec Info: 
(fontspec)             Liberation Mono scale = 0.9.


Package fontspec Info: 
(fontspec)             Liberation Mono scale = 0.9.


Overfull \hbox (41.55278pt too wide) in paragraph at lines 252--253
[]\TU/LiberationSerif(1)/m/n/12 Создаются новые функции \TU/LiberationMono(1)/m
/n/12 FSS \TU/LiberationSerif(1)/m/n/12 и \TU/LiberationMono(1)/m/n/12 SSS \TU/
LiberationSerif(1)/m/n/12 для разбора операндов команд формата SS: \TU/Liberati
onMono(1)/m/n/12 OP1(L1),OP2(L2)\TU/LiberationSerif(1)/m/n/12 . 
 []


Package fontspec Info: 
(fontspec)             Liberation Mono scale = 0.9.


Package fontspec Info: 
(fontspec)             Liberation Mono scale = 0.9.


Package fontspec Info: 
(fontspec)             Liberation Mono scale = 0.9.


Package fontspec Info: 
(fontspec)             Liberation Mono scale = 0.9.


Overfull \hbox (8.41077pt too wide) in paragraph at lines 255--256
\TU/LiberationSerif(1)/m/n/12 таблице символов \TU/LiberationMono(1)/m/n/12 TSY
M\TU/LiberationSerif(1)/m/n/12 , вычисляет смещения относительно базового регис
тра и формирует
 []


Overfull \hbox (15.10487pt too wide) in paragraph at lines 255--256
\TU/LiberationSerif(1)/m/n/12 6-байтовый машинный код (КОП + Длина1/Длина2 + Ба
за1/Смещение1 + База2/Смещение2). 
 []

[7

]

Package fontspec Info: 
(fontspec)             Liberation Mono scale = 0.9.


Package fontspec Info: 
(fontspec)             Liberation Mono scale = 0.9.


Package fontspec Info: 
(fontspec)             Liberation Mono scale = 0.9.


Package fontspec Info: 
(fontspec)             Liberation Mono scale = 0.9.


Overfull \hbox (21.22943pt too wide) in paragraph at lines 260--261
[]\TU/LiberationSerif(1)/b/n/12 FDC / SDC: \TU/LiberationSerif(1)/m/n/12 Добавл
яется распознавание типа \TU/LiberationMono(1)/m/n/12 H \TU/LiberationSerif(1)/
m/n/12 (Halfword). Значение константы преобразуется
 []


Overfull \hbox (3.67964pt too wide) in paragraph at lines 260--261
\TU/LiberationSerif(1)/m/n/12 в 2-байтовое двоичное представление. Добавляется 
распознавание типа \TU/LiberationMono(1)/m/n/12 P \TU/LiberationSerif(1)/m/n/12
 (Packed Decimal)
 []


Overfull \hbox (11.08362pt too wide) in paragraph at lines 260--261
\TU/LiberationSerif(1)/m/n/12 с модификатором длины \TU/LiberationMono(1)/m/n/1
2 L \TU/LiberationSerif(1)/m/n/12 (например, \TU/LiberationMono(1)/m/n/12 PL3\T
U/LiberationSerif(1)/m/n/12 ). Значение константы переводится в упакованный
 []


Package fontspec Info: 
(fontspec)             Liberation Mono scale = 0.9.


Package fontspec Info: 
(fontspec)             Liberation Mono scale = 0.9.


Overfull \hbox (17.85443pt too wide) in paragraph at lines 261--262
[]\TU/LiberationSerif(1)/b/n/12 FDS / SDS: \TU/LiberationSerif(1)/m/n/12 Добавл
яется распознавание типа \TU/LiberationMono(1)/m/n/12 H \TU/LiberationSerif(1)/
m/n/12 (увеличение счетчика адреса на 2) и поддержка
 []


Overfull \hbox (12.58838pt too wide) in paragraph at lines 261--262
\TU/LiberationMono(1)/m/n/12 0F \TU/LiberationSerif(1)/m/n/12 (выравнивание сче
тчика адреса на границу полного слова без выделения дополнительной
 []


Package fontspec Info: 
(fontspec)             Liberation Mono scale = 0.9.


Package fontspec Info: 
(fontspec)             Liberation Mono scale = 0.9.


Package fontspec Info: 
(fontspec)             Liberation Mono scale = 0.9.


Package fontspec Info: 
(fontspec)             Liberation Mono scale = 0.9.


Package fontspec Info: 
(fontspec)             Liberation Mono scale = 0.9.


Package fontspec Info: 
(fontspec)             Liberation Mono scale = 0.9.


Package fontspec Info: 
(fontspec)             Liberation Mono scale = 0.9.


Overfull \hbox (12.06776pt too wide) in paragraph at lines 276--277
[]\TU/LiberationSerif(1)/m/n/12 Структурированность программы-макета (наличие т
аблиц TMOP, TPOP и отдельных блоков
 []


Overfull \hbox (11.7123pt too wide) in paragraph at lines 277--278
[]\TU/LiberationSerif(1)/m/n/12 Большинство новых команд (CVB, STH, LH, CH, BC,
 LA) относятся к уже поддерживаемому
 []


Overfull \hbox (25.4086pt too wide) in paragraph at lines 282--283
\TU/LiberationSerif(1)/m/n/12 операндов с длинами, что усложняет лексический и 
синтаксический анализ строки ассемблера. 
 []


Package fontspec Info: 
(fontspec)             Liberation Mono scale = 0.9.

[8]
Overfull \hbox (45.17422pt too wide) in paragraph at lines 287--289
[]\TU/LiberationSerif(1)/b/n/12 Общая оценка: \TU/LiberationSerif(1)/m/n/12 Пос
тавленная задача декомпозирована, определены конкретные точки модификации
 []

[9] (./report.aux)
 ***********
LaTeX2e <2025-11-01>
L3 programming layer <2026-01-19>
 ***********
 ) 
Here is how much of TeX's memory you used:
 7792 strings out of 469337
 177084 string characters out of 5459333
 1010340 words of memory out of 5000000
 36335 multiletter control sequences out of 15000+600000
 630945 words of font info for 110 fonts, out of 8000000 for 9000
 450 hyphenation exceptions out of 8191
 87i,6n,93p,500b,1769s stack positions out of 10000i,1000n,20000p,200000b,200000s

Output written on report.pdf (10 pages).
