This is XeTeX, Version 3.141592653-2.6-0.999998 (TeX Live 2026/TeX Live for SUSE Linux) (preloaded format=xelatex 2026.4.10)  10 APR 2026 15:06
entering extended mode
 restricted \write18 enabled.
 %&-line parsing enabled.
**report_komppl.tex
(./report_komppl.tex
LaTeX2e <2025-11-01>
L3 programming layer <2026-01-19>
(/usr/share/texmf/tex/latex/extsizes/extarticle.cls
Document Class: extarticle 1996/10/08 v1.0 Non Standard LaTeX document class
(/usr/share/texmf/tex/latex/extsizes/size14.clo
File: size14.clo 1999/11/11 v1.4a NON-Standard LaTeX file (size option)
)
(/usr/share/texmf/tex/latex/base/exscale.sty
Package: exscale 2025/06/05 v2.1i Standard LaTeX package exscale
LaTeX Font Info:    Redeclaring symbol font `largesymbols' on input line 57.
LaTeX Font Info:    Overwriting symbol font `largesymbols' in version `normal'
(Font)                  OMX/cmex/m/n --> OMX/cmex/m/n on input line 57.
LaTeX Font Info:    Overwriting symbol font `largesymbols' in version `bold'
(Font)                  OMX/cmex/m/n --> OMX/cmex/m/n on input line 57.
\big@size=\dimen148
)
\c@part=\count271
\c@section=\count272
\c@subsection=\count273
\c@subsubsection=\count274
\c@paragraph=\count275
\c@subparagraph=\count276
\c@figure=\count277
\c@table=\count278
\abovecaptionskip=\skip49
\belowcaptionskip=\skip50
\bibindent=\dimen149
)
(/usr/share/texmf/tex/latex/fontspec/fontspec.sty
(/usr/share/texmf/tex/latex/l3packages/xparse/xparse.sty
(/usr/share/texmf/tex/latex/l3kernel/expl3.sty
Package: expl3 2026-01-19 L3 programming layer (loader) 

(/usr/share/texmf/tex/latex/l3backend/l3backend-xetex.def
File: l3backend-xetex.def 2025-10-09 L3 backend support: XeTeX
\g__graphics_track_int=\count279
\g__pdfannot_backend_int=\count280
\g__pdfannot_backend_link_int=\count281
))
Package: xparse 2025-10-09 L3 Experimental document command parser
)
Package: fontspec 2025/09/29 v2.9g Font selection for XeLaTeX and LuaLaTeX

(/usr/share/texmf/tex/latex/fontspec/fontspec-xetex.sty
Package: fontspec-xetex 2025/09/29 v2.9g Font selection for XeLaTeX and LuaLaTe
X
\l__fontspec_script_int=\count282
\l__fontspec_language_int=\count283
\l__fontspec_strnum_int=\count284
\l__fontspec_tmp_int=\count285
\l__fontspec_tmpa_int=\count286
\l__fontspec_tmpb_int=\count287
\l__fontspec_tmpc_int=\count288
\l__fontspec_em_int=\count289
\l__fontspec_emdef_int=\count290
\l__fontspec_strong_int=\count291
\l__fontspec_strongdef_int=\count292
\l__fontspec_tmpa_dim=\dimen150
\l__fontspec_tmpb_dim=\dimen151
\l__fontspec_tmpc_dim=\dimen152

(/usr/share/texmf/tex/latex/base/fontenc.sty
Package: fontenc 2025/07/18 v2.1d Standard LaTeX package
)
(/usr/share/texmf/tex/latex/fontspec/fontspec.cfg)))

Package fontspec Info: 
(fontspec)             Font family 'LiberationSerif(0)' created for font
(fontspec)             'Liberation Serif' with options [Ligatures=TeX].
(fontspec)              
(fontspec)              This font family consists of the following NFSS
(fontspec)             series/shapes:
(fontspec)              
(fontspec)             - 'normal' (m/n) with NFSS spec.: <->"Liberation
(fontspec)             Serif/OT:script=latn;language=dflt;mapping=tex-text;"
(fontspec)             - 'bold' (b/n) with NFSS spec.: <->"Liberation
(fontspec)             Serif/B/OT:script=latn;language=dflt;mapping=tex-text;"
(fontspec)             - 'italic' (m/it) with NFSS spec.: <->"Liberation
(fontspec)             Serif/I/OT:script=latn;language=dflt;mapping=tex-text;"
(fontspec)             - 'bold italic' (b/it) with NFSS spec.: <->"Liberation
(fontspec)             Serif/BI/OT:script=latn;language=dflt;mapping=tex-text;"



Package fontspec Info: 
(fontspec)             Font family 'LiberationSans(0)' created for font
(fontspec)             'Liberation Sans' with options [Ligatures=TeX].
(fontspec)              
(fontspec)              This font family consists of the following NFSS
(fontspec)             series/shapes:
(fontspec)              
(fontspec)             - 'normal' (m/n) with NFSS spec.: <->"Liberation
(fontspec)             Sans/OT:script=latn;language=dflt;mapping=tex-text;"
(fontspec)             - 'bold' (b/n) with NFSS spec.: <->"Liberation
(fontspec)             Sans/B/OT:script=latn;language=dflt;mapping=tex-text;"
(fontspec)             - 'italic' (m/it) with NFSS spec.: <->"Liberation
(fontspec)             Sans/I/OT:script=latn;language=dflt;mapping=tex-text;"
(fontspec)             - 'bold italic' (b/it) with NFSS spec.: <->"Liberation
(fontspec)             Sans/BI/OT:script=latn;language=dflt;mapping=tex-text;"


Package fontspec Info: 
(fontspec)             Font family 'LiberationMono(0)' created for font
(fontspec)             'Liberation Mono' with options
(fontspec)             [WordSpace={1,0,0},HyphenChar=None,PunctuationSpace=Word
Space].
(fontspec)              
(fontspec)              This font family consists of the following NFSS
(fontspec)             series/shapes:
(fontspec)              
(fontspec)             - 'normal' (m/n) with NFSS spec.: <->"Liberation
(fontspec)             Mono/OT:script=latn;language=dflt;"
(fontspec)             - 'bold' (b/n) with NFSS spec.: <->"Liberation
(fontspec)             Mono/B/OT:script=latn;language=dflt;"
(fontspec)             - 'italic' (m/it) with NFSS spec.: <->"Liberation
(fontspec)             Mono/I/OT:script=latn;language=dflt;"
(fontspec)             - 'bold italic' (b/it) with NFSS spec.: <->"Liberation
(fontspec)             Mono/BI/OT:script=latn;language=dflt;"


(/usr/share/texmf/tex/latex/polyglossia/polyglossia.sty
Package: polyglossia 2025/12/01 v2.9 Modern multilingual typesetting with XeLaT
eX and LuaLaTeX

(/usr/share/texmf/tex/latex/etoolbox/etoolbox.sty
Package: etoolbox 2025/10/02 v2.5m e-TeX tools for LaTeX (JAW)
\etb@tempcnta=\count293
)
(/usr/share/texmf/tex/generic/iftex/iftex.sty
Package: iftex 2024/12/12 v1.0g TeX engine tests
)
\l_xpg_alias_keyvals_int=\count294

(/usr/share/texmf/tex/latex/polyglossia/gloss-latex.ldf
File: gloss-latex.ldf polyglossia: module for default language
))
(/usr/share/texmf/tex/latex/polyglossia/gloss-russian.ldf
File: gloss-russian.ldf polyglossia: module for Russian

(/usr/share/texmf/tex/latex/polyglossia/xpg-cyrillicnumbers.sty
Package: xpg-cyrillicnumbers 2019/11/15 v0.2 Formatting of Cyrillic alphabetic 
numbers
)

Package polyglossia Warning: No hyphenation patterns were loaded for `russian'
(polyglossia)                I will use \language=\l@nohyphenation instead.

\l@russian = a dialect from \language\l@nohyphenation 
(/usr/share/texmf/tex/latex/polyglossia/babelsh.def
File: babelsh.def 2022/06/21 Babel common definitions for shorthands
 Taken verbatim from babel files (2022/06/06 v3.76)
)
Package babel Info: Making " an active character on input line 120.
)

Package polyglossia Info: Default language is russian


(/usr/share/texmf/tex/latex/polyglossia/gloss-english.ldf
File: gloss-english.ldf polyglossia: module for English
)
(/usr/share/texmf/tex/latex/geometry/geometry.sty
Package: geometry 2020/01/02 v5.9 Page Geometry

(/usr/share/texmf/tex/latex/graphics/keyval.sty
Package: keyval 2022/05/29 v1.15 key=value parser (DPC)
\KV@toks@=\toks17
)
(/usr/share/texmf/tex/generic/iftex/ifvtex.sty
Package: ifvtex 2019/10/25 v1.7 ifvtex legacy package. Use iftex instead.
)
\Gm@cnth=\count295
\Gm@cntv=\count296
\c@Gm@tempcnt=\count297
\Gm@bindingoffset=\dimen153
\Gm@wd@mp=\dimen154
\Gm@odd@mp=\dimen155
\Gm@even@mp=\dimen156
\Gm@layoutwidth=\dimen157
\Gm@layoutheight=\dimen158
\Gm@layouthoffset=\dimen159
\Gm@layoutvoffset=\dimen160
\Gm@dimlist=\toks18
)
(/usr/share/texmf/tex/latex/setspace/setspace.sty
Package: setspace 2022/12/04 v6.7b set line spacing
)
(/usr/share/texmf/tex/latex/titlesec/titlesec.sty
Package: titlesec 2025/01/04 v2.17 Sectioning titles
\ttl@box=\box53
\beforetitleunit=\skip51
\aftertitleunit=\skip52
\ttl@plus=\dimen161
\ttl@minus=\dimen162
\ttl@toksa=\toks19
\titlewidth=\dimen163
\titlewidthlast=\dimen164
\titlewidthfirst=\dimen165
)
(/usr/share/texmf/tex/latex/fancyhdr/fancyhdr.sty
Package: fancyhdr 2025/02/07 v5.2 Extensive control of page headers and footers

\f@nch@headwidth=\skip53
\f@nch@offset@elh=\skip54
\f@nch@offset@erh=\skip55
\f@nch@offset@olh=\skip56
\f@nch@offset@orh=\skip57
\f@nch@offset@elf=\skip58
\f@nch@offset@erf=\skip59
\f@nch@offset@olf=\skip60
\f@nch@offset@orf=\skip61
\f@nch@height=\skip62
\f@nch@footalignment=\skip63
\f@nch@widthL=\skip64
\f@nch@widthC=\skip65
\f@nch@widthR=\skip66
\@temptokenb=\toks20
)
(/usr/share/texmf/tex/latex/graphics/graphicx.sty
Package: graphicx 2024/12/31 v1.2e Enhanced LaTeX Graphics (DPC,SPQR)

(/usr/share/texmf/tex/latex/graphics/graphics.sty
Package: graphics 2024/08/06 v1.4g Standard LaTeX Graphics (DPC,SPQR)

(/usr/share/texmf/tex/latex/graphics/trig.sty
Package: trig 2023/12/02 v1.11 sin cos tan (DPC)
)
(/usr/share/texmf/tex/latex/graphics-cfg/graphics.cfg
File: graphics.cfg 2016/06/04 v1.11 sample graphics configuration
)
Package graphics Info: Driver file: xetex.def on input line 106.

(/usr/share/texmf/tex/latex/graphics-def/xetex.def
File: xetex.def 2025/11/01 v5.0p Graphics/color driver for xetex
))
\Gin@req@height=\dimen166
\Gin@req@width=\dimen167
)
(/usr/share/texmf/tex/latex/caption/caption.sty
Package: caption 2023/08/05 v3.6o Customizing captions (AR)

(/usr/share/texmf/tex/latex/caption/caption3.sty
Package: caption3 2023/07/31 v2.4d caption3 kernel (AR)
\caption@tempdima=\dimen168
\captionmargin=\dimen169
\caption@leftmargin=\dimen170
\caption@rightmargin=\dimen171
\caption@width=\dimen172
\caption@indent=\dimen173
\caption@parindent=\dimen174
\caption@hangindent=\dimen175
Package caption Info: Standard document class detected.
)
\c@caption@flags=\count298
\c@continuedfloat=\count299
)
(/usr/share/texmf/tex/latex/listings/listings.sty
\lst@mode=\count300
\lst@gtempboxa=\box54
\lst@token=\toks21
\lst@length=\count301
\lst@currlwidth=\dimen176
\lst@column=\count302
\lst@pos=\count303
\lst@lostspace=\dimen177
\lst@width=\dimen178
\lst@newlines=\count304
\lst@lineno=\count305
\lst@maxwidth=\dimen179

(/usr/share/texmf/tex/latex/listings/lstpatch.sty
File: lstpatch.sty 2025/11/14 1.11b (Carsten Heinz)
)
(/usr/share/texmf/tex/latex/listings/lstmisc.sty
File: lstmisc.sty 2025/11/14 1.11b (Carsten Heinz)
\c@lstnumber=\count306
\lst@skipnumbers=\count307
\lst@framebox=\box55
)
(/usr/share/texmf/tex/latex/listings/listings.cfg
File: listings.cfg 2025/11/14 1.11b listings configuration
))
Package: listings 2025/11/14 1.11b (Carsten Heinz)

==> First Aid for listings.sty no longer applied!
    Expected:
        2024/09/23 1.10c (Carsten Heinz)
    but found:
        2025/11/14 1.11b (Carsten Heinz)
    so I'm assuming it got fixed.
(/usr/share/texmf/tex/latex/xcolor/xcolor.sty
Package: xcolor 2024/09/29 v3.02 LaTeX color extensions (UK)

(/usr/share/texmf/tex/latex/graphics-cfg/color.cfg
File: color.cfg 2016/01/02 v1.6 sample color configuration
)
Package xcolor Info: Driver file: xetex.def on input line 274.

(/usr/share/texmf/tex/latex/graphics/mathcolor.ltx)
Package xcolor Info: Model `cmy' substituted by `cmy0' on input line 1349.
Package xcolor Info: Model `RGB' extended on input line 1365.
Package xcolor Info: Model `HTML' substituted by `rgb' on input line 1367.
Package xcolor Info: Model `Hsb' substituted by `hsb' on input line 1368.
Package xcolor Info: Model `tHsb' substituted by `hsb' on input line 1369.
Package xcolor Info: Model `HSB' substituted by `hsb' on input line 1370.
Package xcolor Info: Model `Gray' substituted by `gray' on input line 1371.
Package xcolor Info: Model `wave' substituted by `hsb' on input line 1372.
)
(/usr/share/texmf/tex/latex/tools/tabularx.sty
Package: tabularx 2023/12/11 v2.12a `tabularx' package (DPC)

(/usr/share/texmf/tex/latex/tools/array.sty
Package: array 2025/09/25 v2.6n Tabular extension package (FMi)
\col@sep=\dimen180
\ar@mcellbox=\box56
\extrarowheight=\dimen181
\NC@list=\toks22
\extratabsurround=\skip67
\backup@length=\skip68
\ar@cellbox=\box57
)
\TX@col@width=\dimen182
\TX@old@table=\dimen183
\TX@old@col=\dimen184
\TX@target=\dimen185
\TX@delta=\dimen186
\TX@cols=\count308
\TX@ftn=\toks23
)
(/usr/share/texmf/tex/latex/booktabs/booktabs.sty
Package: booktabs 2020/01/12 v1.61803398 Publication quality tables
\heavyrulewidth=\dimen187
\lightrulewidth=\dimen188
\cmidrulewidth=\dimen189
\belowrulesep=\dimen190
\belowbottomsep=\dimen191
\aboverulesep=\dimen192
\abovetopsep=\dimen193
\cmidrulesep=\dimen194
\cmidrulekern=\dimen195
\defaultaddspace=\dimen196
\@cmidla=\count309
\@cmidlb=\count310
\@aboverulesep=\dimen197
\@belowrulesep=\dimen198
\@thisruleclass=\count311
\@lastruleclass=\count312
\@thisrulewidth=\dimen199
)
(/usr/share/texmf/tex/latex/tools/longtable.sty
Package: longtable 2025-10-13 v4.24 Multi-page Table package (DPC)
\LTleft=\skip69
\LTright=\skip70
\LTpre=\skip71
\LTpost=\skip72
\LTchunksize=\count313
\LTcapwidth=\dimen256
\LT@head=\box58
\LT@firsthead=\box59
\LT@foot=\box60
\LT@lastfoot=\box61
\LT@gbox=\box62
\LT@cols=\count314
\LT@rows=\count315
\c@LT@tables=\count316
\c@LT@chunks=\count317
\LT@p@ftn=\toks24
)
(/usr/share/texmf/tex/latex/float/float.sty
Package: float 2001/11/08 v1.3d Float enhancements (AL)
\c@float@type=\count318
\float@exts=\toks25
\float@box=\box63
\@float@everytoks=\toks26
\@floatcapt=\box64
)
(/usr/share/texmf/tex/latex/hyperref/hyperref.sty
Package: hyperref 2026-01-29 v7.01p Hypertext links for LaTeX

(/usr/share/texmf/tex/latex/kvsetkeys/kvsetkeys.sty
Package: kvsetkeys 2022-10-05 v1.19 Key value parser (HO)
)
(/usr/share/texmf/tex/generic/kvdefinekeys/kvdefinekeys.sty
Package: kvdefinekeys 2019-12-19 v1.6 Define keys (HO)
)
(/usr/share/texmf/tex/generic/pdfescape/pdfescape.sty
Package: pdfescape 2019/12/09 v1.15 Implements pdfTeX's escape features (HO)

(/usr/share/texmf/tex/generic/ltxcmds/ltxcmds.sty
Package: ltxcmds 2023-12-04 v1.26 LaTeX kernel commands for general use (HO)
)
(/usr/share/texmf/tex/generic/pdftexcmds/pdftexcmds.sty
Package: pdftexcmds 2020-06-27 v0.33 Utility functions of pdfTeX for LuaTeX (HO
)

(/usr/share/texmf/tex/generic/infwarerr/infwarerr.sty
Package: infwarerr 2019/12/03 v1.5 Providing info/warning/error messages (HO)
)
Package pdftexcmds Info: \pdf@primitive is available.
Package pdftexcmds Info: \pdf@ifprimitive is available.
Package pdftexcmds Info: \pdfdraftmode not found.
))
(/usr/share/texmf/tex/latex/hycolor/hycolor.sty
Package: hycolor 2020-01-27 v1.10 Color options for hyperref/bookmark (HO)
)
(/usr/share/texmf/tex/latex/hyperref/nameref.sty
Package: nameref 2026-01-29 v2.58 Cross-referencing by name of section

(/usr/share/texmf/tex/latex/refcount/refcount.sty
Package: refcount 2019/12/15 v3.6 Data extraction from label references (HO)
)
(/usr/share/texmf/tex/generic/gettitlestring/gettitlestring.sty
Package: gettitlestring 2019/12/15 v1.6 Cleanup title references (HO)

(/usr/share/texmf/tex/latex/kvoptions/kvoptions.sty
Package: kvoptions 2022-06-15 v3.15 Key value format for package options (HO)
))
\c@section@level=\count319
)
(/usr/share/texmf/tex/generic/stringenc/stringenc.sty
Package: stringenc 2019/11/29 v1.12 Convert strings between diff. encodings (HO
)
)
\@linkdim=\dimen257
\Hy@linkcounter=\count320
\Hy@pagecounter=\count321

(/usr/share/texmf/tex/latex/hyperref/pd1enc.def
File: pd1enc.def 2026-01-29 v7.01p Hyperref: PDFDocEncoding definition (HO)
)
(/usr/share/texmf/tex/generic/intcalc/intcalc.sty
Package: intcalc 2019/12/15 v1.3 Expandable calculations with integers (HO)
)
\Hy@SavedSpaceFactor=\count322

(/usr/share/texmf/tex/latex/hyperref/puenc.def
File: puenc.def 2026-01-29 v7.01p Hyperref: PDF Unicode definition (HO)
)
Package hyperref Info: Hyper figures OFF on input line 4201.
Package hyperref Info: Link nesting OFF on input line 4206.
Package hyperref Info: Hyper index ON on input line 4209.
Package hyperref Info: Plain pages OFF on input line 4216.
Package hyperref Info: Backreferencing OFF on input line 4221.
Package hyperref Info: Implicit mode ON; LaTeX internals redefined.
Package hyperref Info: Bookmarks ON on input line 4468.
\c@Hy@tempcnt=\count323

(/usr/share/texmf/tex/latex/url/url.sty
\Urlmuskip=\muskip17
Package: url 2013/09/16  ver 3.4  Verb mode for urls, etc.
)
LaTeX Info: Redefining \url on input line 4807.
\XeTeXLinkMargin=\dimen258

(/usr/share/texmf/tex/generic/bitset/bitset.sty
Package: bitset 2019/12/09 v1.3 Handle bit-vector datatype (HO)

(/usr/share/texmf/tex/generic/bigintcalc/bigintcalc.sty
Package: bigintcalc 2019/12/15 v1.5 Expandable calculations on big integers (HO
)
))
\Fld@menulength=\count324
\Field@Width=\dimen259
\Fld@charsize=\dimen260
Package hyperref Info: Hyper figures OFF on input line 6084.
Package hyperref Info: Link nesting OFF on input line 6089.
Package hyperref Info: Hyper index ON on input line 6092.
Package hyperref Info: backreferencing OFF on input line 6099.
Package hyperref Info: Link coloring OFF on input line 6104.
Package hyperref Info: Link coloring with OCG OFF on input line 6109.
Package hyperref Info: PDF/A mode OFF on input line 6114.
\Hy@abspage=\count325
\c@Item=\count326
\c@Hfootnote=\count327
)
Package hyperref Info: Driver (autodetected): hxetex.

(/usr/share/texmf/tex/latex/hyperref/hxetex.def
File: hxetex.def 2026-01-29 v7.01p Hyperref driver for XeTeX
\pdfm@box=\box65
\c@Hy@AnnotLevel=\count328
\HyField@AnnotCount=\count329
\Fld@listcount=\count330
\c@bookmark@seq@number=\count331

(/usr/share/texmf/tex/latex/rerunfilecheck/rerunfilecheck.sty
Package: rerunfilecheck 2025-06-21 v1.11 Rerun checks for auxiliary files (HO)

(/usr/share/texmf/tex/generic/uniquecounter/uniquecounter.sty
Package: uniquecounter 2019/12/15 v1.4 Provide unlimited unique counter (HO)
)
Package uniquecounter Info: New unique counter `rerunfilecheck' on input line 2
84.
)
\Hy@SectionHShift=\skip73
)
(/usr/share/texmf/tex/latex/enumitem/enumitem.sty
Package: enumitem 2025/02/06 v3.11 Customized lists
\labelindent=\skip74
\enit@outerparindent=\dimen261
\enit@toks=\toks27
\enit@inbox=\box66
\enit@count@id=\count332
\enitdp@description=\count333
)
(/usr/share/texmf/tex/latex/amsmath/amsmath.sty
Package: amsmath 2025/07/09 v2.17z AMS math features
\@mathmargin=\skip75

For additional information on amsmath, use the `?' option.
(/usr/share/texmf/tex/latex/amsmath/amstext.sty
Package: amstext 2024/11/17 v2.01 AMS text

(/usr/share/texmf/tex/latex/amsmath/amsgen.sty
File: amsgen.sty 1999/11/30 v2.0 generic functions
\@emptytoks=\toks28
\ex@=\dimen262
))
(/usr/share/texmf/tex/latex/amsmath/amsbsy.sty
Package: amsbsy 1999/11/29 v1.2d Bold Symbols
\pmbraise@=\dimen263
)
(/usr/share/texmf/tex/latex/amsmath/amsopn.sty
Package: amsopn 2022/04/08 v2.04 operator names
)
\inf@bad=\count334
LaTeX Info: Redefining \frac on input line 233.
\uproot@=\count335
\leftroot@=\count336
LaTeX Info: Redefining \overline on input line 398.
LaTeX Info: Redefining \colon on input line 409.
\classnum@=\count337
\DOTSCASE@=\count338
LaTeX Info: Redefining \ldots on input line 495.
LaTeX Info: Redefining \dots on input line 498.
LaTeX Info: Redefining \cdots on input line 619.
\Mathstrutbox@=\box67
\strutbox@=\box68
LaTeX Info: Redefining \big on input line 721.
LaTeX Info: Redefining \Big on input line 722.
LaTeX Info: Redefining \bigg on input line 723.
LaTeX Info: Redefining \Bigg on input line 724.
\big@size=\dimen264
LaTeX Font Info:    Redeclaring font encoding OML on input line 742.
LaTeX Font Info:    Redeclaring font encoding OMS on input line 743.
\macc@depth=\count339
LaTeX Info: Redefining \bmod on input line 904.
LaTeX Info: Redefining \pmod on input line 909.
LaTeX Info: Redefining \smash on input line 939.
LaTeX Info: Redefining \relbar on input line 969.
LaTeX Info: Redefining \Relbar on input line 970.
\c@MaxMatrixCols=\count340
\dotsspace@=\muskip18
\c@parentequation=\count341
\dspbrk@lvl=\count342
\tag@help=\toks29
\row@=\count343
\column@=\count344
\maxfields@=\count345
\andhelp@=\toks30
\eqnshift@=\dimen265
\alignsep@=\dimen266
\tagshift@=\dimen267
\tagwidth@=\dimen268
\totwidth@=\dimen269
\lineht@=\dimen270
\@envbody=\toks31
\multlinegap=\skip76
\multlinetaggap=\skip77
\mathdisplay@stack=\toks32
LaTeX Info: Redefining \[ on input line 2950.
LaTeX Info: Redefining \] on input line 2951.
)
(/usr/share/texmf/tex/latex/tools/indentfirst.sty
Package: indentfirst 2023/07/02 v1.03 Indent first paragraph (DPC)
)

Package fontspec Info: 
(fontspec)             Font family 'LiberationSerif(1)' created for font
(fontspec)             'Liberation Serif' with options
(fontspec)             [Ligatures=TeX,Script=Cyrillic].
(fontspec)              
(fontspec)              This font family consists of the following NFSS
(fontspec)             series/shapes:
(fontspec)              
(fontspec)             - 'normal' (m/n) with NFSS spec.: <->"Liberation
(fontspec)             Serif/OT:script=cyrl;language=dflt;mapping=tex-text;"
(fontspec)             - 'bold' (b/n) with NFSS spec.: <->"Liberation
(fontspec)             Serif/B/OT:script=cyrl;language=dflt;mapping=tex-text;"
(fontspec)             - 'italic' (m/it) with NFSS spec.: <->"Liberation
(fontspec)             Serif/I/OT:script=cyrl;language=dflt;mapping=tex-text;"
(fontspec)             - 'bold italic' (b/it) with NFSS spec.: <->"Liberation
(fontspec)             Serif/BI/OT:script=cyrl;language=dflt;mapping=tex-text;"


 (./report_komppl.aux)
\openout1 = `report_komppl.aux'.

LaTeX Font Info:    Checking defaults for OML/cmm/m/it on input line 99.
LaTeX Font Info:    ... okay on input line 99.
LaTeX Font Info:    Checking defaults for OMS/cmsy/m/n on input line 99.
LaTeX Font Info:    ... okay on input line 99.
LaTeX Font Info:    Checking defaults for OT1/cmr/m/n on input line 99.
LaTeX Font Info:    ... okay on input line 99.
LaTeX Font Info:    Checking defaults for T1/cmr/m/n on input line 99.
LaTeX Font Info:    ... okay on input line 99.
LaTeX Font Info:    Checking defaults for TS1/cmr/m/n on input line 99.
LaTeX Font Info:    ... okay on input line 99.
LaTeX Font Info:    Checking defaults for TU/lmr/m/n on input line 99.
LaTeX Font Info:    ... okay on input line 99.
LaTeX Font Info:    Checking defaults for OMX/cmex/m/n on input line 99.
LaTeX Font Info:    ... okay on input line 99.
LaTeX Font Info:    Checking defaults for U/cmr/m/n on input line 99.
LaTeX Font Info:    ... okay on input line 99.
LaTeX Font Info:    Checking defaults for PD1/pdf/m/n on input line 99.
LaTeX Font Info:    ... okay on input line 99.
LaTeX Font Info:    Checking defaults for PU/pdf/m/n on input line 99.
LaTeX Font Info:    ... okay on input line 99.

Package fontspec Info: 
(fontspec)             Adjusting the maths setup (use [no-math] to avoid
(fontspec)             this).

\symlegacymaths=\mathgroup4
LaTeX Font Info:    Overwriting symbol font `legacymaths' in version `bold'
(Font)                  OT1/cmr/m/n --> OT1/cmr/bx/n on input line 99.
LaTeX Font Info:    Redeclaring math accent \acute on input line 99.
LaTeX Font Info:    Redeclaring math accent \grave on input line 99.
LaTeX Font Info:    Redeclaring math accent \ddot on input line 99.
LaTeX Font Info:    Redeclaring math accent \tilde on input line 99.
LaTeX Font Info:    Redeclaring math accent \bar on input line 99.
LaTeX Font Info:    Redeclaring math accent \breve on input line 99.
LaTeX Font Info:    Redeclaring math accent \check on input line 99.
LaTeX Font Info:    Redeclaring math accent \hat on input line 99.
LaTeX Font Info:    Redeclaring math accent \dot on input line 99.
LaTeX Font Info:    Redeclaring math accent \mathring on input line 99.
LaTeX Font Info:    Redeclaring math symbol \Gamma on input line 99.
LaTeX Font Info:    Redeclaring math symbol \Delta on input line 99.
LaTeX Font Info:    Redeclaring math symbol \Theta on input line 99.
LaTeX Font Info:    Redeclaring math symbol \Lambda on input line 99.
LaTeX Font Info:    Redeclaring math symbol \Xi on input line 99.
LaTeX Font Info:    Redeclaring math symbol \Pi on input line 99.
LaTeX Font Info:    Redeclaring math symbol \Sigma on input line 99.
LaTeX Font Info:    Redeclaring math symbol \Upsilon on input line 99.
LaTeX Font Info:    Redeclaring math symbol \Phi on input line 99.
LaTeX Font Info:    Redeclaring math symbol \Psi on input line 99.
LaTeX Font Info:    Redeclaring math symbol \Omega on input line 99.
LaTeX Font Info:    Redeclaring math symbol \mathdollar on input line 99.
LaTeX Font Info:    Redeclaring symbol font `operators' on input line 99.
LaTeX Font Info:    Encoding `OT1' has changed to `TU' for symbol font
(Font)              `operators' in the math version `normal' on input line 99.
LaTeX Font Info:    Overwriting symbol font `operators' in version `normal'
(Font)                  OT1/cmr/m/n --> TU/LiberationSerif(0)/m/n on input line
 99.
LaTeX Font Info:    Encoding `OT1' has changed to `TU' for symbol font
(Font)              `operators' in the math version `bold' on input line 99.
LaTeX Font Info:    Overwriting symbol font `operators' in version `bold'
(Font)                  OT1/cmr/bx/n --> TU/LiberationSerif(0)/m/n on input lin
e 99.
LaTeX Font Info:    Overwriting symbol font `operators' in version `normal'
(Font)                  TU/LiberationSerif(0)/m/n --> TU/LiberationSerif(0)/m/n
 on input line 99.
LaTeX Font Info:    Overwriting math alphabet `\mathit' in version `normal'
(Font)                  OT1/cmr/m/it --> TU/LiberationSerif(0)/m/it on input li
ne 99.
LaTeX Font Info:    Overwriting math alphabet `\mathbf' in version `normal'
(Font)                  OT1/cmr/bx/n --> TU/LiberationSerif(0)/b/n on input lin
e 99.
LaTeX Font Info:    Overwriting math alphabet `\mathsf' in version `normal'
(Font)                  OT1/cmss/m/n --> TU/LiberationSans(0)/m/n on input line
 99.
LaTeX Font Info:    Overwriting math alphabet `\mathtt' in version `normal'
(Font)                  OT1/cmtt/m/n --> TU/LiberationMono(0)/m/n on input line
 99.
LaTeX Font Info:    Overwriting symbol font `operators' in version `bold'
(Font)                  TU/LiberationSerif(0)/m/n --> TU/LiberationSerif(0)/b/n
 on input line 99.
LaTeX Font Info:    Overwriting math alphabet `\mathit' in version `bold'
(Font)                  OT1/cmr/bx/it --> TU/LiberationSerif(0)/b/it on input l
ine 99.
LaTeX Font Info:    Overwriting math alphabet `\mathsf' in version `bold'
(Font)                  OT1/cmss/bx/n --> TU/LiberationSans(0)/b/n on input lin
e 99.
LaTeX Font Info:    Overwriting math alphabet `\mathtt' in version `bold'
(Font)                  OT1/cmtt/m/n --> TU/LiberationMono(0)/b/n on input line
 99.

*geometry* driver: auto-detecting
*geometry* detected driver: xetex
*geometry* verbose mode - [ preamble ] result:
* driver: xetex
* paper: a4paper
* layout: <same size as paper>
* layoutoffset:(h,v)=(0.0pt,0.0pt)
* modes: 
* h-part:(L,W,R)=(85.35826pt, 469.47049pt, 42.67912pt)
* v-part:(T,H,B)=(56.9055pt, 731.23584pt, 56.9055pt)
* \paperwidth=597.50787pt
* \paperheight=845.04684pt
* \textwidth=469.47049pt
* \textheight=731.23584pt
* \oddsidemargin=13.08827pt
* \evensidemargin=13.08827pt
* \topmargin=-54.36449pt
* \headheight=17.0pt
* \headsep=25.0pt
* \topskip=14.0pt
* \footskip=30.0pt
* \marginparwidth=15.0pt
* \marginparsep=10.0pt
* \columnsep=10.0pt
* \skip\footins=12.0pt plus 4.0pt minus 2.0pt
* \hoffset=0.0pt
* \voffset=0.0pt
* \mag=1000
* \@twocolumnfalse
* \@twosidefalse
* \@mparswitchfalse
* \@reversemarginfalse
* (1in=72.27pt=25.4mm, 1cm=28.453pt)

Package caption Info: Begin \AtBeginDocument code.
Package caption Info: float package is loaded.
Package caption Info: hyperref package is loaded.
Package caption Info: listings package is loaded.
Package caption Info: longtable package is loaded.
(/usr/share/texmf/tex/latex/caption/ltcaption.sty
Package: ltcaption 2021/01/08 v1.4c longtable captions (AR)
)
Package caption Info: End \AtBeginDocument code.
\c@lstlisting=\count346
Package hyperref Info: Link coloring OFF on input line 99.
 (./report_komppl.out)
(./report_komppl.out)
\@outlinefile=\write3
\openout3 = `report_komppl.out'.

 [1

] (./report_komppl.toc
Overfull \hbox (2.29749pt too wide) in paragraph at lines 4--4
 [] [][]\TU/LiberationSerif(1)/b/n/14.4 Модификация состава и структуры БД маке
та компилятора с ЯВУ[] []  
 []

)
\tf@toc=\write4
\openout4 = `report_komppl.toc'.

 [2]
Overfull \hbox (35.90752pt too wide) in paragraph at lines 149--152
[]\TU/LiberationSerif(1)/m/n/14.4 «Необходимо выполнить доработку элементов мак
ета учебной системы
 []


Overfull \hbox (16.54932pt too wide) in paragraph at lines 149--152
\TU/LiberationSerif(1)/m/n/14.4 программирования до уровня, позволяющего обраба
тывать «новые»
 []


Overfull \hbox (5.46765pt too wide) in paragraph at lines 154--155
[]\TU/LiberationSerif(1)/m/n/14.4 Общая формулировка персонализирована в вариан
те № 11, приведённом
 []


Package fontspec Info: 
(fontspec)             Font family 'LiberationMono(1)' created for font
(fontspec)             'Liberation Mono' with options
(fontspec)             [WordSpace={1,0,0},HyphenChar=None,PunctuationSpace=Word
Space,Script=Cyrillic].
(fontspec)              
(fontspec)              This font family consists of the following NFSS
(fontspec)             series/shapes:
(fontspec)              
(fontspec)             - 'normal' (m/n) with NFSS spec.: <->"Liberation
(fontspec)             Mono/OT:script=cyrl;language=dflt;"
(fontspec)             - 'bold' (b/n) with NFSS spec.: <->"Liberation
(fontspec)             Mono/B/OT:script=cyrl;language=dflt;"
(fontspec)             - 'italic' (m/it) with NFSS spec.: <->"Liberation
(fontspec)             Mono/I/OT:script=cyrl;language=dflt;"
(fontspec)             - 'bold italic' (b/it) with NFSS spec.: <->"Liberation
(fontspec)             Mono/BI/OT:script=cyrl;language=dflt;"


Overfull \hbox (76.5869pt too wide) in paragraph at lines 170--175
\TU/LiberationSerif(1)/m/n/14.4 выражениях: вложенное выражение со скобками был
о разделено на два последовательных
 []


Overfull \hbox (20.97444pt too wide) in paragraph at lines 170--175
\TU/LiberationSerif(1)/m/n/14.4 оператора присваивания. В результате была сформ
улирована следующая входная
 []

File: ../источники/image.png Graphic file (type bmp)
<../источники/image.png>
[3]
Overfull \hbox (19.45679pt too wide) in paragraph at lines 205--208
\TU/LiberationSerif(1)/m/n/14.4 подмножества языковых конструкций PL/1; исходна
я программа готовится
 []


Overfull \hbox (28.25986pt too wide) in paragraph at lines 211--213
[]\TU/LiberationSerif(1)/m/n/14.4 объектный эквивалент исходной программы готов
ится в формате объектных
 []


Overfull \hbox (36.66687pt too wide) in paragraph at lines 213--216
[]\TU/LiberationSerif(1)/m/n/14.4 загрузочный эквивалент исходной программы пре
дставляет собой машинный
 []


Overfull \hbox (49.09819pt too wide) in paragraph at lines 213--216
\TU/LiberationSerif(1)/m/n/14.4 код IBM 370, запоминаемый в области ОЗУ техноло
гической ЭВМ, являющейся
 []

[4]
Overfull \hbox (39.54108pt too wide) in paragraph at lines 223--225
[]\TU/LiberationSerif(1)/m/n/14.4 Контрольным примером, на который изначально н
астроен макет компилятора,
 []


Overfull \hbox (10.26411pt too wide) in paragraph at lines 243--245
[]\TU/LiberationSerif(1)/m/n/14.4 Модифицированный персональный вариант № 11 (р
ис. []2[]) приведён ниже: 
 []


Overfull \hbox (42.2469pt too wide) in paragraph at lines 256--258
[]\TU/LiberationSerif(1)/m/n/14.4 При визуальном сравнении модифицированного пе
рсонального варианта № 11
 []


Overfull \hbox (37.46376pt too wide) in paragraph at lines 260--264
[]\TU/LiberationSerif(1)/m/n/14.4 Переменные в персональном варианте объявляютс
я без указания разрядности
 []


Overfull \hbox (60.09386pt too wide) in paragraph at lines 260--264
\TU/LiberationSerif(1)/m/n/14.4 (без параметра в скобках), а инициализация зада
ётся десятичным целочисленным
 []


Overfull \hbox (55.64536pt too wide) in paragraph at lines 265--269
[]\TU/LiberationSerif(1)/m/n/14.4 В персональном варианте введена переменная \T
U/LiberationMono(1)/m/n/14.4 B \TU/LiberationSerif(1)/m/n/14.4 типа \TU/Liberat
ionMono(1)/m/n/14.4 DEC FIXED \TU/LiberationSerif(1)/m/n/14.4 (упакованный
 []


Overfull \hbox (35.86418pt too wide) in paragraph at lines 265--269
\TU/LiberationSerif(1)/m/n/14.4 десятичный формат), тогда как в демонстрационно
м примере все переменные
 []


Overfull \hbox (51.02826pt too wide) in paragraph at lines 270--273
[]\TU/LiberationSerif(1)/m/n/14.4 В операторе \TU/LiberationMono(1)/m/n/14.4 C 
= B * 5; \TU/LiberationSerif(1)/m/n/14.4 применяется операция умножения «\TU/Li
berationMono(1)/m/n/14.4 *\TU/LiberationSerif(1)/m/n/14.4 » упакованного
 []


Overfull \hbox (43.05246pt too wide) in paragraph at lines 270--273
\TU/LiberationSerif(1)/m/n/14.4 десятичного операнда на десятичный целочисленны
й литерал, отсутствующая
 []

[5]
Overfull \hbox (21.71497pt too wide) in paragraph at lines 274--280
\TU/LiberationSerif(1)/m/n/14.4 (сравнение) в правой части оператора присваиван
ия, формирующий булево
 []


Overfull \hbox (6.08687pt too wide) in paragraph at lines 274--280
\TU/LiberationSerif(1)/m/n/14.4 описывается нетерминалом \TU/LiberationMono(1)/
m/n/14.4 <AVL>\TU/LiberationSerif(1)/m/n/14.4 , а оператор в целом — нетерминал
ом
 []


Overfull \hbox (5.08734pt too wide) in paragraph at lines 274--280
\TU/LiberationMono(1)/m/n/14.4 <OPL> \TU/LiberationSerif(1)/m/n/14.4 (см. разде
л 3). Эта конструкция отсутствует в демонстрационном
 []


Overfull \hbox (35.37889pt too wide) in paragraph at lines 285--285
|[]\TU/LiberationSerif(1)/b/n/17.28 Постановка задачи модификации макета в част
и компилятора
 []

File: ../источники/image2.png Graphic file (type bmp)
<../источники/image2.png>

Underfull \hbox (badness 10000) in paragraph at lines 293--293
[]\TU/LiberationSerif(1)/m/n/14.4 Рис. 5. |Схема функционирования модифицирован
ного макетного
 []


Overfull \hbox (36.74374pt too wide) in paragraph at lines 297--300
[]\TU/LiberationSerif(1)/m/n/14.4 Функционал модифицированного макетного компил
ятора должен обеспечить
 []

[6]
Overfull \hbox (16.83186pt too wide) in paragraph at lines 340--340
|[]\TU/LiberationSerif(1)/b/n/17.28 Модификация состава и структуры БД макета к
омпилятора
 []


Overfull \hbox (24.9465pt too wide) in paragraph at lines 344--347
[]\TU/LiberationSerif(1)/m/n/14.4 БД лексического анализатора определяется путё
м выделения подмножества
 []


Overfull \hbox (60.96643pt too wide) in paragraph at lines 348--350
[]\TU/LiberationSerif(1)/m/n/14.4 Для персонального варианта № 11 разделителями
 термов являются терминальные
 []

[7]
Overfull \hbox (17.63281pt too wide) in paragraph at lines 356--361
[]\TU/LiberationSerif(1)/m/n/14.4 Модификация лексических настроек демонстрацио
нного примера состоит
 []


Overfull \hbox (11.90298pt too wide) in paragraph at lines 356--361
\TU/LiberationSerif(1)/m/n/14.4 в добавлении символа умножения «\TU/LiberationM
ono(1)/m/n/14.4 *\TU/LiberationSerif(1)/m/n/14.4 » в перечень разделителей терм
ов. Данный
 []


Overfull \hbox (18.68095pt too wide) in paragraph at lines 356--361
\TU/LiberationSerif(1)/m/n/14.4 символ в оригинальном макете не входил в число 
обрабатываемых разделителей.
 []


Overfull \hbox (69.44655pt too wide) in paragraph at lines 356--361
\TU/LiberationSerif(1)/m/n/14.4 Поскольку авторы макета разместили перечень сим
волов-разделителей непосредственно
 []


Overfull \hbox (5.02277pt too wide) in paragraph at lines 356--361
\TU/LiberationSerif(1)/m/n/14.4 в теле подпрограммы \TU/LiberationMono(1)/m/n/1
4.4 compress_ISXTXT()\TU/LiberationSerif(1)/m/n/14.4 , модификация выполнена в 
теле
 []

(/usr/share/texmf/tex/latex/listings/lstlang1.sty
File: lstlang1.sty 2025/11/14 1.11b listings language file
)
(/usr/share/texmf/tex/latex/listings/lstmisc.sty
File: lstmisc.sty 2025/11/14 1.11b (Carsten Heinz)
)
Package hyperref Info: bookmark level for unknown lstlisting defaults to 0 on i
nput line 362.

Overfull \hbox (70.40936pt too wide) in paragraph at lines 390--393
[]\TU/LiberationSerif(1)/m/n/14.4 Высокоуровневое определение модифицированного
 синтаксиса для персонального
 []

[8] [9] [10]
Overfull \hbox (32.3797pt too wide) in paragraph at lines 468--470
[]\TU/LiberationSerif(1)/m/n/14.4 По сравнению с грамматикой демонстрационного 
примера модифицированы
 []


Overfull \hbox (25.31737pt too wide) in paragraph at lines 470--473
[]\TU/LiberationSerif(1)/b/n/14.4 Правило 7 (\TU/LiberationMono(1)/b/n/14.4 <TE
L>\TU/LiberationSerif(1)/b/n/14.4 ): \TU/LiberationSerif(1)/m/n/14.4 добавлена 
альтернатива \TU/LiberationMono(1)/m/n/14.4 <TEL><OPL> \TU/LiberationSerif(1)/m
/n/14.4 для операторов
 []


Overfull \hbox (9.17247pt too wide) in paragraph at lines 473--481
[]\TU/LiberationSerif(1)/b/n/14.4 Правило 8 (\TU/LiberationMono(1)/b/n/14.4 <OD
C>\TU/LiberationSerif(1)/b/n/14.4 ): \TU/LiberationSerif(1)/m/n/14.4 в подмноже
стве, используемом демонстрационным
 []


Overfull \hbox (27.58607pt too wide) in paragraph at lines 473--481
\TU/LiberationSerif(1)/m/n/14.4 примером и модифицированным персональным вариан
том № 11, сохранены
 []


Overfull \hbox (12.45593pt too wide) in paragraph at lines 473--481
\TU/LiberationSerif(1)/m/n/14.4 инициализацией десятичным литералом \TU/Liberat
ionMono(1)/m/n/14.4 <LID> \TU/LiberationSerif(1)/m/n/14.4 (персональный вариант
);
 []


Overfull \hbox (12.9868pt too wide) in paragraph at lines 473--481
\TU/LiberationSerif(1)/m/n/14.4 альтернативы \TU/LiberationMono(1)/m/n/14.4 DEC
 FIXED \TU/LiberationSerif(1)/m/n/14.4 с указанием разрядности и без инициализа
ции
 []

[11]
Overfull \hbox (63.21814pt too wide) in paragraph at lines 481--485
[]\TU/LiberationSerif(1)/b/n/14.4 Правило 13 (\TU/LiberationMono(1)/b/n/14.4 <L
ID>\TU/LiberationSerif(1)/b/n/14.4 ): \TU/LiberationSerif(1)/m/n/14.4 введён но
вый нетерминал для десятичного целочисленного
 []


Overfull \hbox (22.20595pt too wide) in paragraph at lines 481--485
\TU/LiberationSerif(1)/m/n/14.4 объявлении переменных без разрядности и в арифм
етических выражениях; 
 []


Overfull \hbox (51.26266pt too wide) in paragraph at lines 485--489
[]\TU/LiberationSerif(1)/b/n/14.4 Правило 15 (\TU/LiberationMono(1)/b/n/14.4 <A
VI>\TU/LiberationSerif(1)/b/n/14.4 ): \TU/LiberationSerif(1)/m/n/14.4 добавлена
 возможность применения нетерминала \TU/LiberationMono(1)/m/n/14.4 <LID>
 []


Overfull \hbox (16.49196pt too wide) in paragraph at lines 485--489
\TU/LiberationSerif(1)/m/n/14.4 как самостоятельного операнда; логические комби
нации со знаком \TU/LiberationMono(1)/m/n/14.4 <ZNL>
 []


Overfull \hbox (23.24312pt too wide) in paragraph at lines 489--492
\TU/LiberationSerif(1)/m/n/14.4 сравнение двух операндов посредством \TU/Libera
tionMono(1)/m/n/14.4 <ZNL>\TU/LiberationSerif(1)/m/n/14.4 , где левый операнд з
адаётся
 []


Overfull \hbox (13.7182pt too wide) in paragraph at lines 495--497
[]\TU/LiberationSerif(1)/b/n/14.4 Правило 18 (\TU/LiberationMono(1)/b/n/14.4 <Z
NK>\TU/LiberationSerif(1)/b/n/14.4 ): \TU/LiberationSerif(1)/m/n/14.4 к знакам 
«\TU/LiberationMono(1)/m/n/14.4 +\TU/LiberationSerif(1)/m/n/14.4 » и «\TU/Liber
ationMono(1)/m/n/14.4 -\TU/LiberationSerif(1)/m/n/14.4 » добавлен знак «\TU/Lib
erationMono(1)/m/n/14.4 *\TU/LiberationSerif(1)/m/n/14.4 » (умножение); 
 []


Overfull \hbox (10.27286pt too wide) in paragraph at lines 497--501
[]\TU/LiberationSerif(1)/b/n/14.4 Правило 19 (\TU/LiberationMono(1)/b/n/14.4 <Z
NL>\TU/LiberationSerif(1)/b/n/14.4 ): \TU/LiberationSerif(1)/m/n/14.4 введён не
терминал для знака логической операции
 []


Overfull \hbox (60.7168pt too wide) in paragraph at lines 503--507
[]\TU/LiberationSerif(1)/m/n/14.4 В состав нетерминальных символов после модифи
кации добавлены нетерминалы
 []


Overfull \hbox (32.19154pt too wide) in paragraph at lines 503--507
\TU/LiberationMono(1)/m/n/14.4 <LID> \TU/LiberationSerif(1)/m/n/14.4 (десятичны
й целочисленный литерал), \TU/LiberationMono(1)/m/n/14.4 <ZNL> \TU/LiberationSe
rif(1)/m/n/14.4 (знак логической операции),
 []


Overfull \hbox (13.02551pt too wide) in paragraph at lines 503--507
\TU/LiberationMono(1)/m/n/14.4 <AVL> \TU/LiberationSerif(1)/m/n/14.4 (логическо
е выражение) и \TU/LiberationMono(1)/m/n/14.4 <OPL> \TU/LiberationSerif(1)/m/n/
14.4 (оператор присваивания с логическим
 []


Overfull \hbox (9.5211pt too wide) in paragraph at lines 510--513
[]\TU/LiberationSerif(1)/m/n/14.4 Таблица \TU/LiberationMono(1)/m/n/14.4 SINT[]
 \TU/LiberationSerif(1)/m/n/14.4 реализует двунаправленный список с альтернатив
ными
 []


Overfull \hbox (12.19244pt too wide) in paragraph at lines 510--513
\TU/LiberationSerif(1)/m/n/14.4 (форма распознавания — от правой части к нетерм
иналу). В ходе модификации: 
 []


Overfull \hbox (8.06268pt too wide) in paragraph at lines 515--521
[]\TU/LiberationSerif(1)/m/n/14.4 размер таблицы увеличен; добавлены записи, оп
исывающие новые ветки
 []


Overfull \hbox (42.1068pt too wide) in paragraph at lines 515--521
\TU/LiberationSerif(1)/m/n/14.4 грамматики: альтернативы объявлений \TU/Liberat
ionMono(1)/m/n/14.4 ODC \TU/LiberationSerif(1)/m/n/14.4 без разрядности с испол
ьзованием
 []


Overfull \hbox (6.48529pt too wide) in paragraph at lines 515--521
\TU/LiberationSerif(1)/m/n/14.4 нетерминала \TU/LiberationMono(1)/m/n/14.4 <LID
>\TU/LiberationSerif(1)/m/n/14.4 , ветка распознавания нетерминала \TU/Liberati
onMono(1)/m/n/14.4 <ZNL> \TU/LiberationSerif(1)/m/n/14.4 для знака
 []


Overfull \hbox (24.51813pt too wide) in paragraph at lines 515--521
\TU/LiberationSerif(1)/m/n/14.4 логической операции «\TU/LiberationMono(1)/m/n/
14.4 =\TU/LiberationSerif(1)/m/n/14.4 », ветки для \TU/LiberationMono(1)/m/n/14
.4 <LID> \TU/LiberationSerif(1)/m/n/14.4 в качестве операнда выражения
 []

[12]
Overfull \hbox (30.67976pt too wide) in paragraph at lines 521--523
[]\TU/LiberationSerif(1)/m/n/14.4 в существующих записях изменены поля альтерна
тивы \TU/LiberationMono(1)/m/n/14.4 ALT \TU/LiberationSerif(1)/m/n/14.4 для обе
спечения
 []

[13] (./report_komppl.aux)
 ***********
LaTeX2e <2025-11-01>
L3 programming layer <2026-01-19>
 ***********
Package rerunfilecheck Info: File `report_komppl.out' has not changed.
(rerunfilecheck)             Checksum: D65678920108C7803F47D10DC968F58D;2067.
 ) 
Here is how much of TeX's memory you used:
 17449 strings out of 469337
 336877 string characters out of 5459333
 1189518 words of memory out of 5000000
 45826 multiletter control sequences out of 15000+600000
 630221 words of font info for 143 fonts, out of 8000000 for 9000
 450 hyphenation exceptions out of 8191
 73i,12n,93p,578b,1314s stack positions out of 10000i,1000n,20000p,200000b,200000s

Output written on report_komppl.pdf (13 pages).
